Content-Type: text/plain; charset="utf-8"
MIME-Version: 1.0
Content-Transfer-Encoding: 8bit
Subject: Password reset on 127.0.0.1:8000
From: webmaster@localhost
To: noor@gmail.com
Date: Thu, 09 Nov 2023 13:55:20 -0000
Message-ID: <169953812064.7036.13939877767011553188@DESKTOP-1O5SA8C>


You're receiving this email because you requested a password reset for your user account at 127.0.0.1:8000.

Please go to the following page and choose a new password:

http://127.0.0.1:8000/accounts/reset/Mg/bxepo8-35276de600db58749bb79dc70e04251f/

Your username, in case you’ve forgotten: noor1999

Thanks for using our site!

The 127.0.0.1:8000 team



-------------------------------------------------------------------------------
Content-Type: text/plain; charset="utf-8"
MIME-Version: 1.0
Content-Transfer-Encoding: 8bit
Subject: Password reset on 127.0.0.1:8000
From: webmaster@localhost
To: noor@gmail.com
Date: Thu, 09 Nov 2023 13:55:20 -0000
Message-ID: <169953812064.7036.6340345263990512587@DESKTOP-1O5SA8C>


You're receiving this email because you requested a password reset for your user account at 127.0.0.1:8000.

Please go to the following page and choose a new password:

http://127.0.0.1:8000/accounts/reset/Mw/bxepo8-912ddc4cc8fc7f0d81f2c79ca913834a/

Your username, in case you’ve forgotten: noor-nasser

Thanks for using our site!

The 127.0.0.1:8000 team



-------------------------------------------------------------------------------
Content-Type: text/plain; charset="utf-8"
MIME-Version: 1.0
Content-Transfer-Encoding: 8bit
Subject: Password reset on 127.0.0.1:8000
From: webmaster@localhost
To: noor@gmail.com
Date: Thu, 09 Nov 2023 13:55:20 -0000
Message-ID: <169953812064.7036.15443303560368001763@DESKTOP-1O5SA8C>


You're receiving this email because you requested a password reset for your user account at 127.0.0.1:8000.

Please go to the following page and choose a new password:

http://127.0.0.1:8000/accounts/reset/NA/bxepo8-60747c2942ef6b6d7f5da0f0f0e54261/

Your username, in case you’ve forgotten: noor-alawadhi

Thanks for using our site!

The 127.0.0.1:8000 team



-------------------------------------------------------------------------------
